2017-09-13 14:23:45.667  INFO 14256 --- [main] .b.FlchyBlogInletsFeignClientApplication : No active profile set, falling back to default profiles: default
2017-09-13 14:23:45.707  INFO 14256 --- [main] ationConfigEmbeddedWebApplicationContext : Refreshing org.springframework.boot.context.embedded.AnnotationConfigEmbeddedWebApplicationContext@ebaa6cb: startup date [Wed Sep 13 14:23:45 CST 2017]; parent: org.springframework.context.annotation.AnnotationConfigApplicationContext@4a94ee4
2017-09-13 14:23:46.407  INFO 14256 --- [main] o.s.cloud.context.scope.GenericScope     : BeanFactory id=839fc399-4541-3e1c-a2dc-a234ec15b17b
2017-09-13 14:23:46.430  INFO 14256 --- [main] f.a.AutowiredAnnotationBeanPostProcessor : JSR-330 'javax.inject.Inject' annotation found and supported for autowiring
2017-09-13 14:23:46.466  INFO 14256 --- [main] trationDelegate$BeanPostProcessorChecker : Bean 'org.springframework.cloud.autoconfigure.ConfigurationPropertiesRebinderAutoConfiguration' of type [org.springframework.cloud.autoconfigure.ConfigurationPropertiesRebinderAutoConfiguration$$EnhancerBySpringCGLIB$$2abac970] is not eligible for getting processed by all BeanPostProcessors (for example: not eligible for auto-proxying)
2017-09-13 14:23:47.023  INFO 14256 --- [main] s.b.c.e.t.TomcatEmbeddedServletContainer : Tomcat initialized with port(s): 8770 (http)
2017-09-13 14:23:47.055  INFO 14256 --- [main] o.apache.catalina.core.StandardService   : Starting service [Tomcat]
2017-09-13 14:23:47.056  INFO 14256 --- [main] org.apache.catalina.core.StandardEngine  : Starting Servlet Engine: Apache Tomcat/8.5.16
2017-09-13 14:23:47.288  INFO 14256 --- [localhost-startStop-1] o.a.c.c.C.[Tomcat].[localhost].[/]       : Initializing Spring embedded WebApplicationContext
2017-09-13 14:23:47.289  INFO 14256 --- [localhost-startStop-1] o.s.web.context.ContextLoader            : Root WebApplicationContext: initialization completed in 1582 ms
2017-09-13 14:23:47.452  INFO 14256 --- [localhost-startStop-1] o.s.b.w.servlet.ServletRegistrationBean  : Mapping servlet: 'dispatcherServlet' to [/]
2017-09-13 14:23:47.456  INFO 14256 --- [localhost-startStop-1] o.s.b.w.servlet.FilterRegistrationBean   : Mapping filter: 'characterEncodingFilter' to: [/*]
2017-09-13 14:23:47.482  INFO 14256 --- [localhost-startStop-1] o.s.b.w.servlet.FilterRegistrationBean   : Mapping filter: 'hiddenHttpMethodFilter' to: [/*]
2017-09-13 14:23:47.482  INFO 14256 --- [localhost-startStop-1] o.s.b.w.servlet.FilterRegistrationBean   : Mapping filter: 'httpPutFormContentFilter' to: [/*]
2017-09-13 14:23:47.483  INFO 14256 --- [localhost-startStop-1] o.s.b.w.servlet.FilterRegistrationBean   : Mapping filter: 'requestContextFilter' to: [/*]
2017-09-13 14:23:48.251  WARN 14256 --- [main] c.n.c.sources.URLConfigurationSource     : No URLs will be polled as dynamic configuration sources.
2017-09-13 14:23:48.251  INFO 14256 --- [main] c.n.c.sources.URLConfigurationSource     : To enable URLs as dynamic configuration sources, define System property archaius.configurationSource.additionalUrls or make config.properties available on classpath.
2017-09-13 14:23:48.324  WARN 14256 --- [main] c.n.c.sources.URLConfigurationSource     : No URLs will be polled as dynamic configuration sources.
2017-09-13 14:23:48.332  INFO 14256 --- [main] c.n.c.sources.URLConfigurationSource     : To enable URLs as dynamic configuration sources, define System property archaius.configurationSource.additionalUrls or make config.properties available on classpath.
2017-09-13 14:23:48.600  INFO 14256 --- [main] s.w.s.m.m.a.RequestMappingHandlerAdapter : Looking for @ControllerAdvice: org.springframework.boot.context.embedded.AnnotationConfigEmbeddedWebApplicationContext@ebaa6cb: startup date [Wed Sep 13 14:23:45 CST 2017]; parent: org.springframework.context.annotation.AnnotationConfigApplicationContext@4a94ee4
2017-09-13 14:23:48.704  INFO 14256 --- [main] s.w.s.m.m.a.RequestMappingHandlerMapping : Mapped "{[/article],methods=[GET]}" onto public java.lang.Object com.flchy.blog.controller.ArticleController.selectArticleKey(java.lang.Integer)
2017-09-13 14:23:48.707  INFO 14256 --- [main] s.w.s.m.m.a.RequestMappingHandlerMapping : Mapped "{[/error]}" onto public org.springframework.http.ResponseEntity<java.util.Map<java.lang.String, java.lang.Object>> org.springframework.boot.autoconfigure.web.BasicErrorController.error(javax.servlet.http.HttpServletRequest)
2017-09-13 14:23:48.708  INFO 14256 --- [main] s.w.s.m.m.a.RequestMappingHandlerMapping : Mapped "{[/error],produces=[text/html]}" onto public org.springframework.web.servlet.ModelAndView org.springframework.boot.autoconfigure.web.BasicErrorController.errorHtml(javax.servlet.http.HttpServletRequest,javax.servlet.http.HttpServletResponse)
2017-09-13 14:23:48.774  INFO 14256 --- [main] o.s.w.s.handler.SimpleUrlHandlerMapping  : Mapped URL path [/webjars/**] onto handler of type [class org.springframework.web.servlet.resource.ResourceHttpRequestHandler]
2017-09-13 14:23:48.774  INFO 14256 --- [main] o.s.w.s.handler.SimpleUrlHandlerMapping  : Mapped URL path [/**] onto handler of type [class org.springframework.web.servlet.resource.ResourceHttpRequestHandler]
2017-09-13 14:23:48.813  INFO 14256 --- [main] o.s.w.s.handler.SimpleUrlHandlerMapping  : Mapped URL path [/**/favicon.ico] onto handler of type [class org.springframework.web.servlet.resource.ResourceHttpRequestHandler]
2017-09-13 14:23:49.342  INFO 14256 --- [main] o.s.j.e.a.AnnotationMBeanExporter        : Registering beans for JMX exposure on startup
2017-09-13 14:23:49.350  INFO 14256 --- [main] o.s.j.e.a.AnnotationMBeanExporter        : Bean with name 'environmentManager' has been autodetected for JMX exposure
2017-09-13 14:23:49.351  INFO 14256 --- [main] o.s.j.e.a.AnnotationMBeanExporter        : Bean with name 'configurationPropertiesRebinder' has been autodetected for JMX exposure
2017-09-13 14:23:49.352  INFO 14256 --- [main] o.s.j.e.a.AnnotationMBeanExporter        : Bean with name 'refreshScope' has been autodetected for JMX exposure
2017-09-13 14:23:49.354  INFO 14256 --- [main] o.s.j.e.a.AnnotationMBeanExporter        : Located managed bean 'environmentManager': registering with JMX server as MBean [org.springframework.cloud.context.environment:name=environmentManager,type=EnvironmentManager]
2017-09-13 14:23:49.364  INFO 14256 --- [main] o.s.j.e.a.AnnotationMBeanExporter        : Located managed bean 'refreshScope': registering with JMX server as MBean [org.springframework.cloud.context.scope.refresh:name=refreshScope,type=RefreshScope]
2017-09-13 14:23:49.374  INFO 14256 --- [main] o.s.j.e.a.AnnotationMBeanExporter        : Located managed bean 'configurationPropertiesRebinder': registering with JMX server as MBean [org.springframework.cloud.context.properties:name=configurationPropertiesRebinder,context=ebaa6cb,type=ConfigurationPropertiesRebinder]
2017-09-13 14:23:49.463  INFO 14256 --- [main] o.s.c.support.DefaultLifecycleProcessor  : Starting beans in phase 0
2017-09-13 14:23:49.485  INFO 14256 --- [main] o.s.c.n.eureka.InstanceInfoFactory       : Setting initial instance status as: STARTING
2017-09-13 14:23:49.630  INFO 14256 --- [main] com.netflix.discovery.DiscoveryClient    : Initializing Eureka in region us-east-1
2017-09-13 14:23:50.561  INFO 14256 --- [main] c.n.d.provider.DiscoveryJerseyProvider   : Using JSON encoding codec LegacyJacksonJson
2017-09-13 14:23:50.562  INFO 14256 --- [main] c.n.d.provider.DiscoveryJerseyProvider   : Using JSON decoding codec LegacyJacksonJson
2017-09-13 14:23:50.917  INFO 14256 --- [main] c.n.d.provider.DiscoveryJerseyProvider   : Using XML encoding codec XStreamXml
2017-09-13 14:23:50.917  INFO 14256 --- [main] c.n.d.provider.DiscoveryJerseyProvider   : Using XML decoding codec XStreamXml
2017-09-13 14:23:51.167  INFO 14256 --- [main] c.n.d.s.r.aws.ConfigClusterResolver      : Resolving eureka endpoints via configuration
2017-09-13 14:23:51.368  INFO 14256 --- [main] com.netflix.discovery.DiscoveryClient    : Disable delta property : false
2017-09-13 14:23:51.368  INFO 14256 --- [main] com.netflix.discovery.DiscoveryClient    : Single vip registry refresh property : null
2017-09-13 14:23:51.368  INFO 14256 --- [main] com.netflix.discovery.DiscoveryClient    : Force full registry fetch : false
2017-09-13 14:23:51.368  INFO 14256 --- [main] com.netflix.discovery.DiscoveryClient    : Application is null : false
2017-09-13 14:23:51.368  INFO 14256 --- [main] com.netflix.discovery.DiscoveryClient    : Registered Applications size is zero : true
2017-09-13 14:23:51.368  INFO 14256 --- [main] com.netflix.discovery.DiscoveryClient    : Application version is -1: true
2017-09-13 14:23:51.368  INFO 14256 --- [main] com.netflix.discovery.DiscoveryClient    : Getting all instance registry info from the eureka server
2017-09-13 14:23:51.658  INFO 14256 --- [main] com.netflix.discovery.DiscoveryClient    : The response status is 200
2017-09-13 14:23:51.684  INFO 14256 --- [main] com.netflix.discovery.DiscoveryClient    : Starting heartbeat executor: renew interval is: 30
2017-09-13 14:23:51.686  INFO 14256 --- [main] c.n.discovery.InstanceInfoReplicator     : InstanceInfoReplicator onDemand update allowed rate per min is 4
2017-09-13 14:23:51.688  INFO 14256 --- [main] com.netflix.discovery.DiscoveryClient    : Discovery Client initialized at timestamp 1505283831688 with initial instances count: 1
2017-09-13 14:23:51.726  INFO 14256 --- [main] o.s.c.n.e.s.EurekaServiceRegistry        : Registering application flchy-blog-inlets-feign-client with eureka with status UP
2017-09-13 14:23:51.727  INFO 14256 --- [main] com.netflix.discovery.DiscoveryClient    : Saw local status change event StatusChangeEvent [timestamp=1505283831727, current=UP, previous=STARTING]
2017-09-13 14:23:51.729  INFO 14256 --- [DiscoveryClient-InstanceInfoReplicator-0] com.netflix.discovery.DiscoveryClient    : DiscoveryClient_FLCHY-BLOG-INLETS-FEIGN-CLIENT/user:flchy-blog-inlets-feign-client:8770: registering service...
2017-09-13 14:23:51.842  INFO 14256 --- [DiscoveryClient-InstanceInfoReplicator-0] com.netflix.discovery.DiscoveryClient    : DiscoveryClient_FLCHY-BLOG-INLETS-FEIGN-CLIENT/user:flchy-blog-inlets-feign-client:8770 - registration status: 204
2017-09-13 14:23:51.944  INFO 14256 --- [main] s.b.c.e.t.TomcatEmbeddedServletContainer : Tomcat started on port(s): 8770 (http)
2017-09-13 14:23:51.945  INFO 14256 --- [main] .s.c.n.e.s.EurekaAutoServiceRegistration : Updating port to 8770
2017-09-13 14:23:51.952  INFO 14256 --- [main] .b.FlchyBlogInletsFeignClientApplication : Started FlchyBlogInletsFeignClientApplication in 9.167 seconds (JVM running for 13.174)
2017-09-13 14:28:51.370  INFO 14256 --- [AsyncResolver-bootstrap-executor-0] c.n.d.s.r.aws.ConfigClusterResolver      : Resolving eureka endpoints via configuration
2017-09-13 14:31:27.924  INFO 14256 --- [http-nio-8770-exec-1] o.a.c.c.C.[Tomcat].[localhost].[/]       : Initializing Spring FrameworkServlet 'dispatcherServlet'
2017-09-13 14:31:27.925  INFO 14256 --- [http-nio-8770-exec-1] o.s.web.servlet.DispatcherServlet        : FrameworkServlet 'dispatcherServlet': initialization started
2017-09-13 14:31:27.961  INFO 14256 --- [http-nio-8770-exec-1] o.s.web.servlet.DispatcherServlet        : FrameworkServlet 'dispatcherServlet': initialization completed in 36 ms
2017-09-13 14:31:27.980  WARN 14256 --- [http-nio-8770-exec-1] o.s.web.servlet.PageNotFound             : Request method 'POST' not supported
2017-09-13 14:31:32.419  WARN 14256 --- [http-nio-8770-exec-2] o.s.web.servlet.PageNotFound             : Request method 'POST' not supported
2017-09-13 14:33:51.372  INFO 14256 --- [AsyncResolver-bootstrap-executor-0] c.n.d.s.r.aws.ConfigClusterResolver      : Resolving eureka endpoints via configuration
2017-09-13 14:38:51.373  INFO 14256 --- [AsyncResolver-bootstrap-executor-0] c.n.d.s.r.aws.ConfigClusterResolver      : Resolving eureka endpoints via configuration
2017-09-13 14:39:20.911  INFO 14256 --- [RMI TCP Connection(2)-127.0.0.1] inMXBeanRegistrar$SpringApplicationAdmin : Application shutdown requested.
2017-09-13 14:39:20.912  INFO 14256 --- [RMI TCP Connection(2)-127.0.0.1] ationConfigEmbeddedWebApplicationContext : Closing org.springframework.boot.context.embedded.AnnotationConfigEmbeddedWebApplicationContext@ebaa6cb: startup date [Wed Sep 13 14:23:45 CST 2017]; parent: org.springframework.context.annotation.AnnotationConfigApplicationContext@4a94ee4
2017-09-13 14:39:20.915  INFO 14256 --- [RMI TCP Connection(2)-127.0.0.1] o.s.c.n.e.s.EurekaServiceRegistry        : Unregistering application flchy-blog-inlets-feign-client with eureka with status DOWN
2017-09-13 14:39:20.915  WARN 14256 --- [RMI TCP Connection(2)-127.0.0.1] com.netflix.discovery.DiscoveryClient    : Saw local status change event StatusChangeEvent [timestamp=1505284760915, current=DOWN, previous=UP]
2017-09-13 14:39:20.916  INFO 14256 --- [DiscoveryClient-InstanceInfoReplicator-0] com.netflix.discovery.DiscoveryClient    : DiscoveryClient_FLCHY-BLOG-INLETS-FEIGN-CLIENT/user:flchy-blog-inlets-feign-client:8770: registering service...
2017-09-13 14:39:20.917  INFO 14256 --- [RMI TCP Connection(2)-127.0.0.1] com.netflix.discovery.DiscoveryClient    : Shutting down DiscoveryClient ...
2017-09-13 14:39:20.918  INFO 14256 --- [RMI TCP Connection(2)-127.0.0.1] com.netflix.discovery.DiscoveryClient    : Unregistering ...
2017-09-13 14:39:20.924  INFO 14256 --- [DiscoveryClient-InstanceInfoReplicator-0] com.netflix.discovery.DiscoveryClient    : DiscoveryClient_FLCHY-BLOG-INLETS-FEIGN-CLIENT/user:flchy-blog-inlets-feign-client:8770 - registration status: 204
2017-09-13 14:39:20.991  INFO 14256 --- [RMI TCP Connection(2)-127.0.0.1] com.netflix.discovery.DiscoveryClient    : DiscoveryClient_FLCHY-BLOG-INLETS-FEIGN-CLIENT/user:flchy-blog-inlets-feign-client:8770 - deregister  status: 200
2017-09-13 14:39:21.010  INFO 14256 --- [RMI TCP Connection(2)-127.0.0.1] com.netflix.discovery.DiscoveryClient    : Completed shut down of DiscoveryClient
2017-09-13 14:39:21.030  INFO 14256 --- [RMI TCP Connection(2)-127.0.0.1] o.s.c.support.DefaultLifecycleProcessor  : Stopping beans in phase 0
2017-09-13 14:39:21.034  INFO 14256 --- [RMI TCP Connection(2)-127.0.0.1] o.s.j.e.a.AnnotationMBeanExporter        : Unregistering JMX-exposed beans on shutdown
2017-09-13 14:39:21.035  INFO 14256 --- [RMI TCP Connection(2)-127.0.0.1] o.s.j.e.a.AnnotationMBeanExporter        : Unregistering JMX-exposed beans
2017-09-13 14:39:21.157  INFO 14256 --- [RMI TCP Connection(2)-127.0.0.1] o.apache.catalina.core.StandardService   : Stopping service [Tomcat]
2017-09-13 14:39:21.162  INFO 14256 --- [localhost-startStop-2] o.a.c.c.C.[Tomcat].[localhost].[/]       : Destroying Spring FrameworkServlet 'dispatcherServlet'
2017-09-13 15:31:43.657  INFO 11496 --- [main] .b.FlchyBlogInletsFeignClientApplication : No active profile set, falling back to default profiles: default
2017-09-13 15:31:43.691  INFO 11496 --- [main] ationConfigEmbeddedWebApplicationContext : Refreshing org.springframework.boot.context.embedded.AnnotationConfigEmbeddedWebApplicationContext@1941a8ff: startup date [Wed Sep 13 15:31:43 CST 2017]; parent: org.springframework.context.annotation.AnnotationConfigApplicationContext@4a94ee4
2017-09-13 15:31:44.379  INFO 11496 --- [main] o.s.cloud.context.scope.GenericScope     : BeanFactory id=839fc399-4541-3e1c-a2dc-a234ec15b17b
2017-09-13 15:31:44.406  INFO 11496 --- [main] f.a.AutowiredAnnotationBeanPostProcessor : JSR-330 'javax.inject.Inject' annotation found and supported for autowiring
2017-09-13 15:31:44.484  INFO 11496 --- [main] trationDelegate$BeanPostProcessorChecker : Bean 'org.springframework.cloud.autoconfigure.ConfigurationPropertiesRebinderAutoConfiguration' of type [org.springframework.cloud.autoconfigure.ConfigurationPropertiesRebinderAutoConfiguration$$EnhancerBySpringCGLIB$$2abac970] is not eligible for getting processed by all BeanPostProcessors (for example: not eligible for auto-proxying)
2017-09-13 15:31:44.781  INFO 11496 --- [main] s.b.c.e.t.TomcatEmbeddedServletContainer : Tomcat initialized with port(s): 8770 (http)
2017-09-13 15:31:44.789  INFO 11496 --- [main] o.apache.catalina.core.StandardService   : Starting service [Tomcat]
2017-09-13 15:31:44.790  INFO 11496 --- [main] org.apache.catalina.core.StandardEngine  : Starting Servlet Engine: Apache Tomcat/8.5.16
2017-09-13 15:31:44.942  INFO 11496 --- [localhost-startStop-1] o.a.c.c.C.[Tomcat].[localhost].[/]       : Initializing Spring embedded WebApplicationContext
2017-09-13 15:31:44.943  INFO 11496 --- [localhost-startStop-1] o.s.web.context.ContextLoader            : Root WebApplicationContext: initialization completed in 1252 ms
2017-09-13 15:31:45.103  INFO 11496 --- [localhost-startStop-1] o.s.b.w.servlet.ServletRegistrationBean  : Mapping servlet: 'dispatcherServlet' to [/]
2017-09-13 15:31:45.107  INFO 11496 --- [localhost-startStop-1] o.s.b.w.servlet.FilterRegistrationBean   : Mapping filter: 'characterEncodingFilter' to: [/*]
2017-09-13 15:31:45.107  INFO 11496 --- [localhost-startStop-1] o.s.b.w.servlet.FilterRegistrationBean   : Mapping filter: 'hiddenHttpMethodFilter' to: [/*]
2017-09-13 15:31:45.107  INFO 11496 --- [localhost-startStop-1] o.s.b.w.servlet.FilterRegistrationBean   : Mapping filter: 'httpPutFormContentFilter' to: [/*]
2017-09-13 15:31:45.107  INFO 11496 --- [localhost-startStop-1] o.s.b.w.servlet.FilterRegistrationBean   : Mapping filter: 'requestContextFilter' to: [/*]
2017-09-13 15:31:45.726  WARN 11496 --- [main] c.n.c.sources.URLConfigurationSource     : No URLs will be polled as dynamic configuration sources.
2017-09-13 15:31:45.727  INFO 11496 --- [main] c.n.c.sources.URLConfigurationSource     : To enable URLs as dynamic configuration sources, define System property archaius.configurationSource.additionalUrls or make config.properties available on classpath.
2017-09-13 15:31:45.735  WARN 11496 --- [main] c.n.c.sources.URLConfigurationSource     : No URLs will be polled as dynamic configuration sources.
2017-09-13 15:31:45.735  INFO 11496 --- [main] c.n.c.sources.URLConfigurationSource     : To enable URLs as dynamic configuration sources, define System property archaius.configurationSource.additionalUrls or make config.properties available on classpath.
2017-09-13 15:31:45.966  INFO 11496 --- [main] s.w.s.m.m.a.RequestMappingHandlerAdapter : Looking for @ControllerAdvice: org.springframework.boot.context.embedded.AnnotationConfigEmbeddedWebApplicationContext@1941a8ff: startup date [Wed Sep 13 15:31:43 CST 2017]; parent: org.springframework.context.annotation.AnnotationConfigApplicationContext@4a94ee4
2017-09-13 15:31:46.044  INFO 11496 --- [main] s.w.s.m.m.a.RequestMappingHandlerMapping : Mapped "{[/article],methods=[GET]}" onto public java.lang.Object com.flchy.blog.controller.ArticleController.selectArticleKey(java.lang.Integer)
2017-09-13 15:31:46.048  INFO 11496 --- [main] s.w.s.m.m.a.RequestMappingHandlerMapping : Mapped "{[/error]}" onto public org.springframework.http.ResponseEntity<java.util.Map<java.lang.String, java.lang.Object>> org.springframework.boot.autoconfigure.web.BasicErrorController.error(javax.servlet.http.HttpServletRequest)
2017-09-13 15:31:46.049  INFO 11496 --- [main] s.w.s.m.m.a.RequestMappingHandlerMapping : Mapped "{[/error],produces=[text/html]}" onto public org.springframework.web.servlet.ModelAndView org.springframework.boot.autoconfigure.web.BasicErrorController.errorHtml(javax.servlet.http.HttpServletRequest,javax.servlet.http.HttpServletResponse)
2017-09-13 15:31:46.076  INFO 11496 --- [main] o.s.w.s.handler.SimpleUrlHandlerMapping  : Mapped URL path [/webjars/**] onto handler of type [class org.springframework.web.servlet.resource.ResourceHttpRequestHandler]
2017-09-13 15:31:46.076  INFO 11496 --- [main] o.s.w.s.handler.SimpleUrlHandlerMapping  : Mapped URL path [/**] onto handler of type [class org.springframework.web.servlet.resource.ResourceHttpRequestHandler]
2017-09-13 15:31:46.119  INFO 11496 --- [main] o.s.w.s.handler.SimpleUrlHandlerMapping  : Mapped URL path [/**/favicon.ico] onto handler of type [class org.springframework.web.servlet.resource.ResourceHttpRequestHandler]
2017-09-13 15:31:46.554  INFO 11496 --- [main] o.s.j.e.a.AnnotationMBeanExporter        : Registering beans for JMX exposure on startup
2017-09-13 15:31:46.567  INFO 11496 --- [main] o.s.j.e.a.AnnotationMBeanExporter        : Bean with name 'environmentManager' has been autodetected for JMX exposure
2017-09-13 15:31:46.568  INFO 11496 --- [main] o.s.j.e.a.AnnotationMBeanExporter        : Bean with name 'configurationPropertiesRebinder' has been autodetected for JMX exposure
2017-09-13 15:31:46.569  INFO 11496 --- [main] o.s.j.e.a.AnnotationMBeanExporter        : Bean with name 'refreshScope' has been autodetected for JMX exposure
2017-09-13 15:31:46.571  INFO 11496 --- [main] o.s.j.e.a.AnnotationMBeanExporter        : Located managed bean 'environmentManager': registering with JMX server as MBean [org.springframework.cloud.context.environment:name=environmentManager,type=EnvironmentManager]
2017-09-13 15:31:46.587  INFO 11496 --- [main] o.s.j.e.a.AnnotationMBeanExporter        : Located managed bean 'refreshScope': registering with JMX server as MBean [org.springframework.cloud.context.scope.refresh:name=refreshScope,type=RefreshScope]
2017-09-13 15:31:46.599  INFO 11496 --- [main] o.s.j.e.a.AnnotationMBeanExporter        : Located managed bean 'configurationPropertiesRebinder': registering with JMX server as MBean [org.springframework.cloud.context.properties:name=configurationPropertiesRebinder,context=1941a8ff,type=ConfigurationPropertiesRebinder]
2017-09-13 15:31:46.736  INFO 11496 --- [main] o.s.c.support.DefaultLifecycleProcessor  : Starting beans in phase 0
2017-09-13 15:31:46.748  INFO 11496 --- [main] o.s.c.n.eureka.InstanceInfoFactory       : Setting initial instance status as: STARTING
2017-09-13 15:31:46.802  INFO 11496 --- [main] com.netflix.discovery.DiscoveryClient    : Initializing Eureka in region us-east-1
2017-09-13 15:31:47.181  INFO 11496 --- [main] c.n.d.provider.DiscoveryJerseyProvider   : Using JSON encoding codec LegacyJacksonJson
2017-09-13 15:31:47.182  INFO 11496 --- [main] c.n.d.provider.DiscoveryJerseyProvider   : Using JSON decoding codec LegacyJacksonJson
2017-09-13 15:31:47.357  INFO 11496 --- [main] c.n.d.provider.DiscoveryJerseyProvider   : Using XML encoding codec XStreamXml
2017-09-13 15:31:47.358  INFO 11496 --- [main] c.n.d.provider.DiscoveryJerseyProvider   : Using XML decoding codec XStreamXml
2017-09-13 15:31:47.577  INFO 11496 --- [main] c.n.d.s.r.aws.ConfigClusterResolver      : Resolving eureka endpoints via configuration
2017-09-13 15:31:47.638  INFO 11496 --- [main] com.netflix.discovery.DiscoveryClient    : Disable delta property : false
2017-09-13 15:31:47.673  INFO 11496 --- [main] com.netflix.discovery.DiscoveryClient    : Single vip registry refresh property : null
2017-09-13 15:31:47.673  INFO 11496 --- [main] com.netflix.discovery.DiscoveryClient    : Force full registry fetch : false
2017-09-13 15:31:47.674  INFO 11496 --- [main] com.netflix.discovery.DiscoveryClient    : Application is null : false
2017-09-13 15:31:47.674  INFO 11496 --- [main] com.netflix.discovery.DiscoveryClient    : Registered Applications size is zero : true
2017-09-13 15:31:47.674  INFO 11496 --- [main] com.netflix.discovery.DiscoveryClient    : Application version is -1: true
2017-09-13 15:31:47.674  INFO 11496 --- [main] com.netflix.discovery.DiscoveryClient    : Getting all instance registry info from the eureka server
2017-09-13 15:31:47.889  INFO 11496 --- [main] com.netflix.discovery.DiscoveryClient    : The response status is 200
2017-09-13 15:31:47.891  INFO 11496 --- [main] com.netflix.discovery.DiscoveryClient    : Starting heartbeat executor: renew interval is: 30
2017-09-13 15:31:47.900  INFO 11496 --- [main] c.n.discovery.InstanceInfoReplicator     : InstanceInfoReplicator onDemand update allowed rate per min is 4
2017-09-13 15:31:47.905  INFO 11496 --- [main] com.netflix.discovery.DiscoveryClient    : Discovery Client initialized at timestamp 1505287907904 with initial instances count: 3
2017-09-13 15:31:47.954  INFO 11496 --- [main] o.s.c.n.e.s.EurekaServiceRegistry        : Registering application flchy-blog-inlets-feign-client with eureka with status UP
2017-09-13 15:31:47.955  INFO 11496 --- [main] com.netflix.discovery.DiscoveryClient    : Saw local status change event StatusChangeEvent [timestamp=1505287907955, current=UP, previous=STARTING]
2017-09-13 15:31:47.961  INFO 11496 --- [DiscoveryClient-InstanceInfoReplicator-0] com.netflix.discovery.DiscoveryClient    : DiscoveryClient_FLCHY-BLOG-INLETS-FEIGN-CLIENT/user:flchy-blog-inlets-feign-client:8770: registering service...
2017-09-13 15:31:48.120  INFO 11496 --- [main] s.b.c.e.t.TomcatEmbeddedServletContainer : Tomcat started on port(s): 8770 (http)
2017-09-13 15:31:48.121  INFO 11496 --- [main] .s.c.n.e.s.EurekaAutoServiceRegistration : Updating port to 8770
2017-09-13 15:31:48.124  INFO 11496 --- [main] .b.FlchyBlogInletsFeignClientApplication : Started FlchyBlogInletsFeignClientApplication in 5.599 seconds (JVM running for 6.131)
2017-09-13 15:31:48.125  INFO 11496 --- [DiscoveryClient-InstanceInfoReplicator-0] com.netflix.discovery.DiscoveryClient    : DiscoveryClient_FLCHY-BLOG-INLETS-FEIGN-CLIENT/user:flchy-blog-inlets-feign-client:8770 - registration status: 204
2017-09-13 15:32:34.522  INFO 11496 --- [http-nio-8770-exec-1] o.a.c.c.C.[Tomcat].[localhost].[/]       : Initializing Spring FrameworkServlet 'dispatcherServlet'
2017-09-13 15:32:34.522  INFO 11496 --- [http-nio-8770-exec-1] o.s.web.servlet.DispatcherServlet        : FrameworkServlet 'dispatcherServlet': initialization started
2017-09-13 15:32:34.555  INFO 11496 --- [http-nio-8770-exec-1] o.s.web.servlet.DispatcherServlet        : FrameworkServlet 'dispatcherServlet': initialization completed in 32 ms
2017-09-13 15:36:47.677  INFO 11496 --- [AsyncResolver-bootstrap-executor-0] c.n.d.s.r.aws.ConfigClusterResolver      : Resolving eureka endpoints via configuration
2017-09-13 15:41:47.679  INFO 11496 --- [AsyncResolver-bootstrap-executor-0] c.n.d.s.r.aws.ConfigClusterResolver      : Resolving eureka endpoints via configuration
2017-09-13 15:46:47.680  INFO 11496 --- [AsyncResolver-bootstrap-executor-0] c.n.d.s.r.aws.ConfigClusterResolver      : Resolving eureka endpoints via configuration
2017-09-13 15:51:47.681  INFO 11496 --- [AsyncResolver-bootstrap-executor-0] c.n.d.s.r.aws.ConfigClusterResolver      : Resolving eureka endpoints via configuration
2017-09-13 15:56:47.683  INFO 11496 --- [AsyncResolver-bootstrap-executor-0] c.n.d.s.r.aws.ConfigClusterResolver      : Resolving eureka endpoints via configuration
2017-09-13 16:01:47.684  INFO 11496 --- [AsyncResolver-bootstrap-executor-0] c.n.d.s.r.aws.ConfigClusterResolver      : Resolving eureka endpoints via configuration
2017-09-13 16:06:47.686  INFO 11496 --- [AsyncResolver-bootstrap-executor-0] c.n.d.s.r.aws.ConfigClusterResolver      : Resolving eureka endpoints via configuration
2017-09-13 16:11:47.687  INFO 11496 --- [AsyncResolver-bootstrap-executor-0] c.n.d.s.r.aws.ConfigClusterResolver      : Resolving eureka endpoints via configuration
2017-09-13 16:16:47.688  INFO 11496 --- [AsyncResolver-bootstrap-executor-0] c.n.d.s.r.aws.ConfigClusterResolver      : Resolving eureka endpoints via configuration
2017-09-13 16:21:47.690  INFO 11496 --- [AsyncResolver-bootstrap-executor-0] c.n.d.s.r.aws.ConfigClusterResolver      : Resolving eureka endpoints via configuration
2017-09-13 16:26:47.692  INFO 11496 --- [AsyncResolver-bootstrap-executor-0] c.n.d.s.r.aws.ConfigClusterResolver      : Resolving eureka endpoints via configuration
2017-09-13 16:31:47.693  INFO 11496 --- [AsyncResolver-bootstrap-executor-0] c.n.d.s.r.aws.ConfigClusterResolver      : Resolving eureka endpoints via configuration
2017-09-13 16:36:47.695  INFO 11496 --- [AsyncResolver-bootstrap-executor-0] c.n.d.s.r.aws.ConfigClusterResolver      : Resolving eureka endpoints via configuration
2017-09-13 16:41:47.697  INFO 11496 --- [AsyncResolver-bootstrap-executor-0] c.n.d.s.r.aws.ConfigClusterResolver      : Resolving eureka endpoints via configuration
2017-09-13 16:46:47.698  INFO 11496 --- [AsyncResolver-bootstrap-executor-0] c.n.d.s.r.aws.ConfigClusterResolver      : Resolving eureka endpoints via configuration
2017-09-13 16:51:47.699  INFO 11496 --- [AsyncResolver-bootstrap-executor-0] c.n.d.s.r.aws.ConfigClusterResolver      : Resolving eureka endpoints via configuration
2017-09-13 16:56:47.889  INFO 11496 --- [AsyncResolver-bootstrap-executor-0] c.n.d.s.r.aws.ConfigClusterResolver      : Resolving eureka endpoints via configuration
2017-09-13 16:56:56.928  INFO 11496 --- [RMI TCP Connection(2)-127.0.0.1] inMXBeanRegistrar$SpringApplicationAdmin : Application shutdown requested.
2017-09-13 16:56:56.957  INFO 11496 --- [RMI TCP Connection(2)-127.0.0.1] ationConfigEmbeddedWebApplicationContext : Closing org.springframework.boot.context.embedded.AnnotationConfigEmbeddedWebApplicationContext@1941a8ff: startup date [Wed Sep 13 15:31:43 CST 2017]; parent: org.springframework.context.annotation.AnnotationConfigApplicationContext@4a94ee4
2017-09-13 16:56:57.214  INFO 11496 --- [RMI TCP Connection(2)-127.0.0.1] o.s.c.n.e.s.EurekaServiceRegistry        : Unregistering application flchy-blog-inlets-feign-client with eureka with status DOWN
2017-09-13 16:56:57.227  WARN 11496 --- [RMI TCP Connection(2)-127.0.0.1] com.netflix.discovery.DiscoveryClient    : Saw local status change event StatusChangeEvent [timestamp=1505293017218, current=DOWN, previous=UP]
2017-09-13 16:56:57.234  INFO 11496 --- [DiscoveryClient-InstanceInfoReplicator-0] com.netflix.discovery.DiscoveryClient    : DiscoveryClient_FLCHY-BLOG-INLETS-FEIGN-CLIENT/user:flchy-blog-inlets-feign-client:8770: registering service...
2017-09-13 16:56:57.405  INFO 11496 --- [RMI TCP Connection(2)-127.0.0.1] com.netflix.discovery.DiscoveryClient    : Shutting down DiscoveryClient ...
2017-09-13 16:56:57.492  INFO 11496 --- [RMI TCP Connection(2)-127.0.0.1] com.netflix.discovery.DiscoveryClient    : Unregistering ...
2017-09-13 16:56:57.987  INFO 11496 --- [DiscoveryClient-InstanceInfoReplicator-0] com.netflix.discovery.DiscoveryClient    : DiscoveryClient_FLCHY-BLOG-INLETS-FEIGN-CLIENT/user:flchy-blog-inlets-feign-client:8770 - registration status: 204
2017-09-13 16:56:58.466  INFO 11496 --- [RMI TCP Connection(2)-127.0.0.1] com.netflix.discovery.DiscoveryClient    : DiscoveryClient_FLCHY-BLOG-INLETS-FEIGN-CLIENT/user:flchy-blog-inlets-feign-client:8770 - deregister  status: 200
2017-09-13 16:56:59.678  INFO 11496 --- [RMI TCP Connection(2)-127.0.0.1] com.netflix.discovery.DiscoveryClient    : Completed shut down of DiscoveryClient
2017-09-13 16:57:00.163  INFO 11496 --- [RMI TCP Connection(2)-127.0.0.1] o.s.c.support.DefaultLifecycleProcessor  : Stopping beans in phase 0
2017-09-13 16:57:00.318  INFO 11496 --- [RMI TCP Connection(2)-127.0.0.1] o.s.j.e.a.AnnotationMBeanExporter        : Unregistering JMX-exposed beans on shutdown
2017-09-13 16:57:00.322  INFO 11496 --- [RMI TCP Connection(2)-127.0.0.1] o.s.j.e.a.AnnotationMBeanExporter        : Unregistering JMX-exposed beans
2017-09-13 16:57:01.375  INFO 11496 --- [RMI TCP Connection(2)-127.0.0.1] o.apache.catalina.core.StandardService   : Stopping service [Tomcat]
2017-09-13 16:57:01.636  INFO 11496 --- [localhost-startStop-2] o.a.c.c.C.[Tomcat].[localhost].[/]       : Destroying Spring FrameworkServlet 'dispatcherServlet'
